2024-11-24 12:41:42 | ERROR    | Failed to import 'plugins': No module named 'h3xrecon_plugins'
2024-11-24 12:43:05 | INFO     | Loaded plugins: ['h3xrecon.plugins.plugins.cidr_intel', 'h3xrecon.plugins.plugins.expand_cidr', 'h3xrecon.plugins.plugins.find_subdomains', 'h3xrecon.plugins.plugins.find_subdomains_ctfr', 'h3xrecon.plugins.plugins.find_subdomains_subfinder', 'h3xrecon.plugins.plugins.port_scan', 'h3xrecon.plugins.plugins.resolve_domain', 'h3xrecon.plugins.plugins.reverse_resolve_ip', 'h3xrecon.plugins.plugins.subdomain_permutation', 'h3xrecon.plugins.plugins.test_domain_catchall', 'h3xrecon.plugins.plugins.test_http']
2024-11-24 12:43:05 | ERROR    | Error loading plugin 'h3xrecon.plugins.plugins.cidr_intel': No module named 'h3xrecon_plugins'
2024-11-24 12:43:05 | ERROR    | Error loading plugin 'h3xrecon.plugins.plugins.expand_cidr': No module named 'h3xrecon_plugins'
2024-11-24 12:43:05 | ERROR    | Error loading plugin 'h3xrecon.plugins.plugins.find_subdomains': No module named 'h3xrecon_plugins'
2024-11-24 12:43:05 | ERROR    | Error loading plugin 'h3xrecon.plugins.plugins.find_subdomains_ctfr': No module named 'h3xrecon_plugins'
2024-11-24 12:43:05 | ERROR    | Error loading plugin 'h3xrecon.plugins.plugins.find_subdomains_subfinder': No module named 'h3xrecon_plugins'
2024-11-24 12:43:05 | ERROR    | Error loading plugin 'h3xrecon.plugins.plugins.port_scan': No module named 'h3xrecon_core'
2024-11-24 12:43:05 | ERROR    | Error loading plugin 'h3xrecon.plugins.plugins.resolve_domain': No module named 'h3xrecon_plugins'
2024-11-24 12:43:05 | ERROR    | Error loading plugin 'h3xrecon.plugins.plugins.reverse_resolve_ip': No module named 'h3xrecon_plugins'
2024-11-24 12:43:05 | ERROR    | Error loading plugin 'h3xrecon.plugins.plugins.subdomain_permutation': No module named 'h3xrecon_plugins'
2024-11-24 12:43:05 | ERROR    | Error loading plugin 'h3xrecon.plugins.plugins.test_domain_catchall': No module named 'h3xrecon_plugins'
2024-11-24 12:43:05 | ERROR    | Error loading plugin 'h3xrecon.plugins.plugins.test_http': No module named 'h3xrecon_plugins'
2024-11-24 12:44:59 | INFO     | Loaded plugins: ['h3xrecon.plugins.plugins.cidr_intel', 'h3xrecon.plugins.plugins.expand_cidr', 'h3xrecon.plugins.plugins.find_subdomains', 'h3xrecon.plugins.plugins.find_subdomains_ctfr', 'h3xrecon.plugins.plugins.find_subdomains_subfinder', 'h3xrecon.plugins.plugins.port_scan', 'h3xrecon.plugins.plugins.resolve_domain', 'h3xrecon.plugins.plugins.reverse_resolve_ip', 'h3xrecon.plugins.plugins.subdomain_permutation', 'h3xrecon.plugins.plugins.test_domain_catchall', 'h3xrecon.plugins.plugins.test_http']
2024-11-24 12:44:59 | ERROR    | Error loading plugin 'h3xrecon.plugins.plugins.expand_cidr': No module named 'h3xrecon_plugins'
2024-11-24 12:44:59 | ERROR    | Error loading plugin 'h3xrecon.plugins.plugins.find_subdomains': No module named 'h3xrecon_plugins'
2024-11-24 12:44:59 | ERROR    | Error loading plugin 'h3xrecon.plugins.plugins.find_subdomains_ctfr': No module named 'h3xrecon_plugins'
2024-11-24 12:44:59 | ERROR    | Error loading plugin 'h3xrecon.plugins.plugins.find_subdomains_subfinder': No module named 'h3xrecon_plugins'
2024-11-24 12:44:59 | ERROR    | Error loading plugin 'h3xrecon.plugins.plugins.port_scan': No module named 'h3xrecon_core'
2024-11-24 12:44:59 | ERROR    | Error loading plugin 'h3xrecon.plugins.plugins.resolve_domain': No module named 'h3xrecon_plugins'
2024-11-24 12:44:59 | ERROR    | Error loading plugin 'h3xrecon.plugins.plugins.reverse_resolve_ip': No module named 'h3xrecon_plugins'
2024-11-24 12:44:59 | ERROR    | Error loading plugin 'h3xrecon.plugins.plugins.subdomain_permutation': No module named 'h3xrecon_plugins'
2024-11-24 12:44:59 | ERROR    | Error loading plugin 'h3xrecon.plugins.plugins.test_domain_catchall': No module named 'h3xrecon_plugins'
2024-11-24 12:44:59 | ERROR    | Error loading plugin 'h3xrecon.plugins.plugins.test_http': No module named 'h3xrecon_plugins'
2024-11-24 12:45:35 | INFO     | Loaded plugins: ['h3xrecon.plugins.plugins.cidr_intel', 'h3xrecon.plugins.plugins.expand_cidr', 'h3xrecon.plugins.plugins.find_subdomains', 'h3xrecon.plugins.plugins.find_subdomains_ctfr', 'h3xrecon.plugins.plugins.find_subdomains_subfinder', 'h3xrecon.plugins.plugins.port_scan', 'h3xrecon.plugins.plugins.resolve_domain', 'h3xrecon.plugins.plugins.reverse_resolve_ip', 'h3xrecon.plugins.plugins.subdomain_permutation', 'h3xrecon.plugins.plugins.test_domain_catchall', 'h3xrecon.plugins.plugins.test_http']
2024-11-24 12:45:35 | ERROR    | Error loading plugin 'h3xrecon.plugins.plugins.expand_cidr': No module named 'h3xrecon_core'
2024-11-24 12:45:35 | ERROR    | Error loading plugin 'h3xrecon.plugins.plugins.find_subdomains': No module named 'h3xrecon_core'
2024-11-24 12:45:35 | ERROR    | Error loading plugin 'h3xrecon.plugins.plugins.find_subdomains_ctfr': No module named 'h3xrecon_core'
2024-11-24 12:45:35 | ERROR    | Error loading plugin 'h3xrecon.plugins.plugins.find_subdomains_subfinder': No module named 'h3xrecon_core'
2024-11-24 12:45:35 | ERROR    | Error loading plugin 'h3xrecon.plugins.plugins.port_scan': No module named 'h3xrecon_core'
2024-11-24 12:45:35 | ERROR    | Error loading plugin 'h3xrecon.plugins.plugins.resolve_domain': No module named 'h3xrecon_core'
2024-11-24 12:45:35 | ERROR    | Error loading plugin 'h3xrecon.plugins.plugins.reverse_resolve_ip': No module named 'h3xrecon_core'
2024-11-24 12:45:35 | ERROR    | Error loading plugin 'h3xrecon.plugins.plugins.subdomain_permutation': No module named 'h3xrecon_core'
2024-11-24 12:45:35 | ERROR    | Error loading plugin 'h3xrecon.plugins.plugins.test_domain_catchall': No module named 'h3xrecon_core'
2024-11-24 12:45:35 | ERROR    | Error loading plugin 'h3xrecon.plugins.plugins.test_http': No module named 'h3xrecon_core'
2024-11-24 12:45:51 | INFO     | Loaded plugins: ['h3xrecon.plugins.plugins.cidr_intel', 'h3xrecon.plugins.plugins.expand_cidr', 'h3xrecon.plugins.plugins.find_subdomains', 'h3xrecon.plugins.plugins.find_subdomains_ctfr', 'h3xrecon.plugins.plugins.find_subdomains_subfinder', 'h3xrecon.plugins.plugins.port_scan', 'h3xrecon.plugins.plugins.resolve_domain', 'h3xrecon.plugins.plugins.reverse_resolve_ip', 'h3xrecon.plugins.plugins.subdomain_permutation', 'h3xrecon.plugins.plugins.test_domain_catchall', 'h3xrecon.plugins.plugins.test_http']
2024-11-24 12:45:51 | ERROR    | Error loading plugin 'h3xrecon.plugins.plugins.test_domain_catchall': No module named 'dns'
2024-11-24 12:46:34 | INFO     | Loaded plugins: ['h3xrecon.plugins.plugins.cidr_intel', 'h3xrecon.plugins.plugins.expand_cidr', 'h3xrecon.plugins.plugins.find_subdomains', 'h3xrecon.plugins.plugins.find_subdomains_ctfr', 'h3xrecon.plugins.plugins.find_subdomains_subfinder', 'h3xrecon.plugins.plugins.port_scan', 'h3xrecon.plugins.plugins.resolve_domain', 'h3xrecon.plugins.plugins.reverse_resolve_ip', 'h3xrecon.plugins.plugins.subdomain_permutation', 'h3xrecon.plugins.plugins.test_domain_catchall', 'h3xrecon.plugins.plugins.test_http']
